<?xml version="1.0" encoding="UTF-8"?>
<!-- Generated by org.testng.reporters.JUnitReportReporter -->
<testsuite hostname="Deepshikhas-Air" failures="0" tests="3" name="ECommerce.Tests.SubmitOrdersTest" time="110.586" errors="0" timestamp="2025-03-18T21:13:49 IST" skipped="0">
  <testcase classname="ECommerce.Tests.SubmitOrdersTest" name="submitOrders" time="43.699"/>
  <system-out/>
  <testcase classname="ECommerce.Tests.SubmitOrdersTest" name="orderHistoryTest" time="31.769"/>
  <system-out/>
  <testcase classname="ECommerce.Tests.SubmitOrdersTest" name="submitOrders" time="35.118"/>
  <system-out/>
</testsuite> <!-- ECommerce.Tests.SubmitOrdersTest -->
