<?xml version="1.0" encoding="UTF-8"?>
<!-- Generated by org.testng.reporters.JUnitReportReporter -->
<testsuite hostname="Deepshikhas-MacBook-Air.local" failures="0" tests="1" name="ECommerce.Tests.ErrorValidations" time="30.151" errors="0" timestamp="2025-03-12T21:33:17 IST" skipped="0">
  <testcase classname="ECommerce.Tests.ErrorValidations" name="submitOrders" time="30.151"/>
  <system-out/>
</testsuite> <!-- ECommerce.Tests.ErrorValidations -->
